#
# A fatal error has been detected by the Java Runtime Environment:
#
#  Internal Error (javaClasses.cpp:126), pid=6644, tid=5900
#  fatal error: Invalid layout of preloaded class
#
# JRE version:  (8.0_31-b13) (build )
# Java VM: Java HotSpot(TM) 64-Bit Server VM (25.31-b07 mixed mode windows-amd64 compressed oops)
# Failed to write core dump. Minidumps are not enabled by default on client versions of Windows
#
# If you would like to submit a bug report, please visit:
#   http://bugreport.java.com/bugreport/crash.jsp
#

---------------  T H R E A D  ---------------

Current thread (0x00000000023c0800):  JavaThread "Unknown thread" [_thread_in_vm, id=5900, stack(0x00000000022c0000,0x00000000023c0000)]

Stack: [0x00000000022c0000,0x00000000023c0000]
Native frames: (J=compiled Java code, j=interpreted, Vv=VM code, C=native code)
V  [jvm.dll+0x3169ba]
V  [jvm.dll+0x2674c3]
V  [jvm.dll+0x268103]
V  [jvm.dll+0x25f876]
V  [jvm.dll+0x5e443]
V  [jvm.dll+0x5e533]
V  [jvm.dll+0x72e9a]
V  [jvm.dll+0x73208]
V  [jvm.dll+0xe4997]
V  [jvm.dll+0xe4d26]
V  [jvm.dll+0x1fa057]
V  [jvm.dll+0x22b694]
V  [jvm.dll+0x14d8c1]
C  [javaw.exe+0x20c6]
C  [javaw.exe+0xc9eb]
C  [javaw.exe+0xca7f]
C  [KERNEL32.DLL+0x13d2]
C  [ntdll.dll+0x6e954]


---------------  P R O C E S S  ---------------

Java Threads: ( => current thread )

Other Threads:

=>0x00000000023c0800 (exited) JavaThread "Unknown thread" [_thread_in_vm, id=5900, stack(0x00000000022c0000,0x00000000023c0000)]

VM state:not at safepoint (not fully initialized)

VM Mutex/Monitor currently owned by a thread: None

GC Heap History (0 events):
No events

Deoptimization events (0 events):
No events

Internal exceptions (0 events):
No events

Events (10 events):
Event: 0.171 loading class java/lang/CharSequence done
Event: 0.171 loading class java/lang/String done
Event: 0.171 loading class java/lang/Class
Event: 0.171 loading class java/lang/reflect/AnnotatedElement
Event: 0.171 loading class java/lang/reflect/AnnotatedElement done
Event: 0.171 loading class java/lang/reflect/GenericDeclaration
Event: 0.171 loading class java/lang/reflect/GenericDeclaration done
Event: 0.171 loading class java/lang/reflect/Type
Event: 0.171 loading class java/lang/reflect/Type done
Event: 0.172 loading class java/lang/Class done


Dynamic libraries:
0x00007ff7e0a70000 - 0x00007ff7e0aa4000 	C:\Program Files\Java\jre1.8.0_31\bin\javaw.exe
0x00007ffca3580000 - 0x00007ffca372c000 	C:\WINDOWS\SYSTEM32\ntdll.dll
0x00007ffca1a00000 - 0x00007ffca1b3e000 	C:\WINDOWS\system32\KERNEL32.DLL
0x00007ffca0900000 - 0x00007ffca0a15000 	C:\WINDOWS\system32\KERNELBASE.dll
0x00007ffc9f250000 - 0x00007ffc9f2de000 	C:\WINDOWS\system32\apphelp.dll
0x00007ffc89f30000 - 0x00007ffc89f83000 	C:\WINDOWS\AppPatch\AppPatch64\AcGenral.DLL
0x00007ffca3090000 - 0x00007ffca313a000 	C:\WINDOWS\system32\msvcrt.dll
0x00007ffca04a0000 - 0x00007ffca04ce000 	C:\WINDOWS\SYSTEM32\SspiCli.dll
0x00007ffca3200000 - 0x00007ffca3254000 	C:\WINDOWS\system32\SHLWAPI.dll
0x00007ffca1880000 - 0x00007ffca19f7000 	C:\WINDOWS\system32\USER32.dll
0x00007ffca1240000 - 0x00007ffca13d4000 	C:\WINDOWS\system32\ole32.dll
0x00007ffca1b60000 - 0x00007ffca3078000 	C:\WINDOWS\system32\SHELL32.dll
0x00007ffc9fc70000 - 0x00007ffc9fc91000 	C:\WINDOWS\SYSTEM32\USERENV.dll
0x00007ffca17d0000 - 0x00007ffca187a000 	C:\WINDOWS\system32\ADVAPI32.dll
0x00007ffc97ef0000 - 0x00007ffc97f0e000 	C:\WINDOWS\SYSTEM32\MPR.dll
0x00007ffca0da0000 - 0x00007ffca0ee1000 	C:\WINDOWS\system32\RPCRT4.dll
0x00007ffca1770000 - 0x00007ffca17c9000 	C:\WINDOWS\SYSTEM32\sechost.dll
0x00007ffca0fc0000 - 0x00007ffca11d1000 	C:\WINDOWS\SYSTEM32\combase.dll
0x00007ffca3420000 - 0x00007ffca3571000 	C:\WINDOWS\system32\GDI32.dll
0x00007ffca06d0000 - 0x00007ffca06e5000 	C:\WINDOWS\SYSTEM32\profapi.dll
0x00007ffc9ea70000 - 0x00007ffc9eb22000 	C:\WINDOWS\SYSTEM32\SHCORE.dll
0x00007ffca13e0000 - 0x00007ffca1416000 	C:\WINDOWS\system32\IMM32.DLL
0x00007ffca1600000 - 0x00007ffca1751000 	C:\WINDOWS\system32\MSCTF.dll
0x00007ffc9def0000 - 0x00007ffc9e16b000 	C:\WINDOWS\WinSxS\amd64_microsoft.windows.common-controls_6595b64144ccf1df_6.0.9600.17415_none_6240486fecbd8abb\COMCTL32.dll
0x0000000074280000 - 0x0000000074352000 	C:\Program Files\Java\jre1.8.0_31\bin\msvcr100.dll
0x0000000073590000 - 0x0000000073dea000 	C:\Program Files\Java\jre1.8.0_31\bin\server\jvm.dll
0x00007ffc96b70000 - 0x00007ffc96b79000 	C:\WINDOWS\SYSTEM32\WSOCK32.dll
0x00007ffc9a1a0000 - 0x00007ffc9a1c2000 	C:\WINDOWS\SYSTEM32\WINMM.dll
0x00007ffca3080000 - 0x00007ffca3087000 	C:\WINDOWS\system32\PSAPI.DLL
0x00007ffca11e0000 - 0x00007ffca123a000 	C:\WINDOWS\system32\WS2_32.dll
0x00007ffc9a170000 - 0x00007ffc9a19a000 	C:\WINDOWS\SYSTEM32\WINMMBASE.dll
0x00007ffca0c00000 - 0x00007ffca0c09000 	C:\WINDOWS\system32\NSI.dll
0x00007ffca0850000 - 0x00007ffca089f000 	C:\WINDOWS\SYSTEM32\cfgmgr32.dll
0x00007ffc9f4d0000 - 0x00007ffc9f4f8000 	C:\WINDOWS\SYSTEM32\DEVOBJ.dll
0x00000000762f0000 - 0x00000000762ff000 	C:\Program Files\Java\jre1.8.0_31\bin\verify.dll
0x0000000076090000 - 0x00000000760b8000 	C:\Program Files\Java\jre1.8.0_31\bin\java.dll
0x0000000076070000 - 0x0000000076086000 	C:\Program Files\Java\jre1.8.0_31\bin\zip.dll
0x00007ffc82750000 - 0x00007ffc828da000 	C:\WINDOWS\SYSTEM32\dbghelp.dll

VM Arguments:
jvm_args: -Dfile.encoding=Cp1252 -Xbootclasspath:C:\Users\rahil\android-sdks\platforms\android-21\android.jar 
java_command: com.example.themax.game
java_class_path (initial): C:\Users\rahil\workspace\TheMax\bin\classes;C:\Users\rahil\workspace\appcompat_v7\libs\android-support-v4.jar;C:\Users\rahil\workspace\appcompat_v7\libs\android-support-v7-appcompat.jar;C:\Users\rahil\workspace\TheMax\libs\java-rt-jar-stubs-1.5.0.jar;C:\Users\rahil\workspace\appcompat_v7\bin\appcompat_v7.jar
Launcher Type: SUN_STANDARD

Environment Variables:
JAVA_HOME=C:\Program Files (x86)\Java\jre7
PATH=C:/Program Files/Java/jre1.8.0_31/bin/server;C:/Program Files/Java/jre1.8.0_31/bin;C:/Program Files/Java/jre1.8.0_31/lib/amd64;C:\ProgramData\Oracle\Java\javapath;c:\Program Files (x86)\Intel\iCLS Client\;c:\Program Files\Intel\iCLS Client\;C:\WINDOWS\system32;C:\WINDOWS;C:\WINDOWS\System32\Wbem;C:\WINDOWS\System32\WindowsPowerShell\v1.0\;C:\Program Files\Intel\Intel(R) Management Engine Components\DAL;C:\Program Files\Intel\Intel(R) Management Engine Components\IPT;C:\Program Files (x86)\Intel\Intel(R) Management Engine Components\DAL;C:\Program Files (x86)\Intel\Intel(R) Management Engine Components\IPT;c:\Program Files (x86)\ATI Technologies\ATI.ACE\Core-Static;C:\Program Files\Intel\WiFi\bin\;C:\Program Files\Common Files\Intel\WirelessCommon\;C:\Program Files (x86)\Windows Live\Shared;C:\Program Files\MATLAB\R2009a\bin;C:\Program Files\MATLAB\R2009a\bin\win64;C:\Program Files (x86)\QuickTime\QTSystem\;C:\Program Files (x86)\Common Files\lenovo\easyplussdk\bin;C:\Program Files\Java\jdk1.8.0_25\bin;E:\eclipse;
USERNAME=rahil
OS=Windows_NT
PROCESSOR_IDENTIFIER=Intel64 Family 6 Model 69 Stepping 1, GenuineIntel



---------------  S Y S T E M  ---------------

OS: Windows 8.1 , 64 bit Build 9600 

CPU:total 4 (2 cores per cpu, 2 threads per core) family 6 model 69 stepping 1, cmov, cx8, fxsr, mmx, sse, sse2, sse3, ssse3, sse4.1, sse4.2, popcnt, avx, avx2, aes, clmul, erms, lzcnt, ht, tsc, tscinvbit, bmi1, bmi2

Memory: 4k page, physical 8266712k(4248664k free), swap 16655320k(11235532k free)

vm_info: Java HotSpot(TM) 64-Bit Server VM (25.31-b07) for windows-amd64 JRE (1.8.0_31-b13), built on Dec 17 2014 21:00:28 by "java_re" with MS VC++ 10.0 (VS2010)

time: Sun Mar 29 23:05:54 2015
elapsed time: 0 seconds (0d 0h 0m 0s)

